0 info it worked if it ends with ok
1 verbose cli [ '/Users/alina709/.nvm/versions/node/v7.0.0/bin/node',
1 verbose cli   '/Users/alina709/.nvm/versions/node/v7.0.0/bin/npm',
1 verbose cli   'run',
1 verbose cli   'lint' ]
2 info using npm@3.10.8
3 info using node@v7.0.0
4 verbose run-script [ 'prelint', 'lint', 'postlint' ]
5 info lifecycle backbonebear@1.0.0~prelint: backbonebear@1.0.0
6 silly lifecycle backbonebear@1.0.0~prelint: no script for prelint, continuing
7 info lifecycle backbonebear@1.0.0~lint: backbonebear@1.0.0
8 verbose lifecycle backbonebear@1.0.0~lint: unsafe-perm in lifecycle true
9 verbose lifecycle backbonebear@1.0.0~lint: PATH: /Users/alina709/.nvm/versions/node/v7.0.0/lib/node_modules/npm/bin/node-gyp-bin:/Users/alina709/Documents/MakerSquare/hackify/node_modules/.bin:/Users/alina709/.nvm/versions/node/v7.0.0/bin:/usr/local/bin:/usr/bin:/bin:/usr/sbin:/sbin
10 verbose lifecycle backbonebear@1.0.0~lint: CWD: /Users/alina709/Documents/MakerSquare/hackify
11 silly lifecycle backbonebear@1.0.0~lint: Args: [ '-c', 'node ./node_modules/eslint/bin/eslint.js ./src' ]
12 silly lifecycle backbonebear@1.0.0~lint: Returned: code: 1  signal: null
13 info lifecycle backbonebear@1.0.0~lint: Failed to exec lint script
14 verbose stack Error: backbonebear@1.0.0 lint: `node ./node_modules/eslint/bin/eslint.js ./src`
14 verbose stack Exit status 1
14 verbose stack     at EventEmitter.<anonymous> (/Users/alina709/.nvm/versions/node/v7.0.0/lib/node_modules/npm/lib/utils/lifecycle.js:255:16)
14 verbose stack     at emitTwo (events.js:106:13)
14 verbose stack     at EventEmitter.emit (events.js:191:7)
14 verbose stack     at ChildProcess.<anonymous> (/Users/alina709/.nvm/versions/node/v7.0.0/lib/node_modules/npm/lib/utils/spawn.js:40:14)
14 verbose stack     at emitTwo (events.js:106:13)
14 verbose stack     at ChildProcess.emit (events.js:191:7)
14 verbose stack     at maybeClose (internal/child_process.js:877:16)
14 verbose stack     at Process.ChildProcess._handle.onexit (internal/child_process.js:226:5)
15 verbose pkgid backbonebear@1.0.0
16 verbose cwd /Users/alina709/Documents/MakerSquare/hackify
17 error Darwin 15.6.0
18 error argv "/Users/alina709/.nvm/versions/node/v7.0.0/bin/node" "/Users/alina709/.nvm/versions/node/v7.0.0/bin/npm" "run" "lint"
19 error node v7.0.0
20 error npm  v3.10.8
21 error code ELIFECYCLE
22 error backbonebear@1.0.0 lint: `node ./node_modules/eslint/bin/eslint.js ./src`
22 error Exit status 1
23 error Failed at the backbonebear@1.0.0 lint script 'node ./node_modules/eslint/bin/eslint.js ./src'.
23 error Make sure you have the latest version of node.js and npm installed.
23 error If you do, this is most likely a problem with the backbonebear package,
23 error not with npm itself.
23 error Tell the author that this fails on your system:
23 error     node ./node_modules/eslint/bin/eslint.js ./src
23 error You can get information on how to open an issue for this project with:
23 error     npm bugs backbonebear
23 error Or if that isn't available, you can get their info via:
23 error     npm owner ls backbonebear
23 error There is likely additional logging output above.
24 verbose exit [ 1, true ]
